<?xml version="1.0" encoding="UTF-8"?>
<!-- Generated by org.testng.reporters.JUnitXMLReporter -->
<testsuite ignored="0" hostname="INGROINFO-PC10" failures="0" tests="163" name="Default test" time="34.27" errors="0" timestamp="2023-12-07T11:29:38 IST">
  <testcase classname="new_user_registration.New_User_Reg" name="@BeforeTest LoginUser" time="32.396">
    <failure type="org.openqa.selenium.remote.UnreachableBrowserException" message="Error communicating with the remote browser. It may have died.
Build info: version: &amp;apos;4.11.0&amp;apos;, revision: &amp;apos;040bc5406b&amp;apos;
System info: os.name: &amp;apos;Windows 10&amp;apos;, os.arch: &amp;apos;amd64&amp;apos;, os.version: &amp;apos;10.0&amp;apos;, java.version: &amp;apos;17.0.5&amp;apos;
Driver info: org.openqa.selenium.chrome.ChromeDriver
Command: [0883073f2473da0145d4bbc34dd20374, get [url]]
Capabilities {acceptInsecureCerts: false, browserName: chrome, browserVersion: 116.0.5845.96, chrome: {chromedriverVersion: 116.0.5845.96 (1a3918166880..., userDataDir: C:\Users\DELL\AppData\Local...}, fedcm:accounts: true, goog:chromeOptions: {debuggerAddress: localhost:50773}, networkConnectionEnabled: false, pageLoadStrategy: normal, platformName: windows, proxy: Proxy(), se:cdp: ws://localhost:50773/devtoo..., se:cdpVersion: 116.0.5845.96, setWindowRect: true, strictFileInteractability: false, timeouts: {implicit: 0, pageLoad: 300000, script: 30000}, unhandledPromptBehavior: dismiss and notify, webauthn:extension:credBlob: true, webauthn:extension:largeBlob: true, webauthn:extension:minPinLength: true, webauthn:extension:prf: true, webauthn:virtualAuthenticators: true}
Session ID: 0883073f2473da0145d4bbc34dd20374">
      <![CDATA[org.openqa.selenium.remote.UnreachableBrowserException: Error communicating with the remote browser. It may have died.
Build info: version: '4.11.0', revision: '040bc5406b'
System info: os.name: 'Windows 10', os.arch: 'amd64', os.version: '10.0', java.version: '17.0.5'
Driver info: org.openqa.selenium.chrome.ChromeDriver
Command: [0883073f2473da0145d4bbc34dd20374, get [url]]
Capabilities {acceptInsecureCerts: false, browserName: chrome, browserVersion: 116.0.5845.96, chrome: {chromedriverVersion: 116.0.5845.96 (1a3918166880..., userDataDir: C:\Users\DELL\AppData\Local...}, fedcm:accounts: true, goog:chromeOptions: {debuggerAddress: localhost:50773}, networkConnectionEnabled: false, pageLoadStrategy: normal, platformName: windows, proxy: Proxy(), se:cdp: ws://localhost:50773/devtoo..., se:cdpVersion: 116.0.5845.96, setWindowRect: true, strictFileInteractability: false, timeouts: {implicit: 0, pageLoad: 300000, script: 30000}, unhandledPromptBehavior: dismiss and notify, webauthn:extension:credBlob: true, webauthn:extension:largeBlob: true, webauthn:extension:minPinLength: true, webauthn:extension:prf: true, webauthn:virtualAuthenticators: true}
Session ID: 0883073f2473da0145d4bbc34dd20374
at org.openqa.selenium.remote.RemoteWebDriver.execute(RemoteWebDriver.java:545)
at org.openqa.selenium.remote.RemoteWebDriver.get(RemoteWebDriver.java:300)
at sagar_selenium_base.Base.setUp(Base.java:50)
at new_user_registration.New_User_Reg.LoginUser(New_User_Reg.java:56)
at java.base/jdk.internal.reflect.NativeMethodAccessorImpl.invoke0(Native Method)
at java.base/jdk.internal.reflect.NativeMethodAccessorImpl.invoke(NativeMethodAccessorImpl.java:77)
at java.base/jdk.internal.reflect.DelegatingMethodAccessorImpl.invoke(DelegatingMethodAccessorImpl.java:43)
at java.base/java.lang.reflect.Method.invoke(Method.java:568)
at org.testng.internal.invokers.MethodInvocationHelper.invokeMethod(MethodInvocationHelper.java:139)
at org.testng.internal.invokers.MethodInvocationHelper.invokeMethodConsideringTimeout(MethodInvocationHelper.java:69)
at org.testng.internal.invokers.ConfigInvoker.invokeConfigurationMethod(ConfigInvoker.java:390)
at org.testng.internal.invokers.ConfigInvoker.invokeConfigurations(ConfigInvoker.java:325)
at org.testng.TestRunner.invokeTestConfigurations(TestRunner.java:663)
at org.testng.TestRunner.beforeRun(TestRunner.java:652)
at org.testng.TestRunner.run(TestRunner.java:614)
at org.testng.SuiteRunner.runTest(SuiteRunner.java:443)
at org.testng.SuiteRunner.runSequentially(SuiteRunner.java:437)
at org.testng.SuiteRunner.privateRun(SuiteRunner.java:397)
at org.testng.SuiteRunner.run(SuiteRunner.java:336)
at org.testng.SuiteRunnerWorker.runSuite(SuiteRunnerWorker.java:52)
at org.testng.SuiteRunnerWorker.run(SuiteRunnerWorker.java:95)
at org.testng.TestNG.runSuitesSequentially(TestNG.java:1280)
at org.testng.TestNG.runSuitesLocally(TestNG.java:1200)
at org.testng.TestNG.runSuites(TestNG.java:1114)
at org.testng.TestNG.run(TestNG.java:1082)
at org.testng.remote.AbstractRemoteTestNG.run(AbstractRemoteTestNG.java:115)
at org.testng.remote.RemoteTestNG.initAndRun(RemoteTestNG.java:251)
at org.testng.remote.RemoteTestNG.main(RemoteTestNG.java:77)
Caused by: java.io.UncheckedIOException: java.net.SocketException: Connection reset
at org.openqa.selenium.remote.http.netty.NettyHttpHandler.makeCall(NettyHttpHandler.java:73)
at org.openqa.selenium.remote.http.AddSeleniumUserAgent.lambda$apply$0(AddSeleniumUserAgent.java:42)
at org.openqa.selenium.remote.http.Filter.lambda$andFinally$1(Filter.java:55)
at org.openqa.selenium.remote.http.netty.NettyHttpHandler.execute(NettyHttpHandler.java:48)
at org.openqa.selenium.remote.http.netty.NettyClient.execute(NettyClient.java:96)
at org.openqa.selenium.remote.HttpCommandExecutor.execute(HttpCommandExecutor.java:188)
at org.openqa.selenium.remote.service.DriverCommandExecutor.invokeExecute(DriverCommandExecutor.java:196)
at org.openqa.selenium.remote.service.DriverCommandExecutor.execute(DriverCommandExecutor.java:171)
at org.openqa.selenium.remote.RemoteWebDriver.execute(RemoteWebDriver.java:518)
... 27 more
Caused by: java.net.SocketException: Connection reset
at java.base/sun.nio.ch.SocketChannelImpl.throwConnectionReset(SocketChannelImpl.java:394)
at java.base/sun.nio.ch.SocketChannelImpl.read(SocketChannelImpl.java:426)
at io.netty.buffer.PooledByteBuf.setBytes(PooledByteBuf.java:256)
at io.netty.buffer.AbstractByteBuf.writeBytes(AbstractByteBuf.java:1132)
at io.netty.channel.socket.nio.NioSocketChannel.doReadBytes(NioSocketChannel.java:357)
at io.netty.channel.nio.AbstractNioByteChannel$NioByteUnsafe.read(AbstractNioByteChannel.java:151)
at io.netty.channel.nio.NioEventLoop.processSelectedKey(NioEventLoop.java:788)
at io.netty.channel.nio.NioEventLoop.processSelectedKeysOptimized(NioEventLoop.java:724)
at io.netty.channel.nio.NioEventLoop.processSelectedKeys(NioEventLoop.java:650)
at io.netty.channel.nio.NioEventLoop.run(NioEventLoop.java:562)
at io.netty.util.concurrent.SingleThreadEventExecutor$4.run(SingleThreadEventExecutor.java:997)
at io.netty.util.internal.ThreadExecutorMap$2.run(ThreadExecutorMap.java:74)
at io.netty.util.concurrent.FastThreadLocalRunnable.run(FastThreadLocalRunnable.java:30)
at java.base/java.lang.Thread.run(Thread.java:833)
]]>
    </failure>
  </testcase> <!-- @BeforeTest LoginUser -->
  <testcase classname="CRM.Consumer_complaint" name="consumer_complaint" time="0.0">
    <skipped/>
  </testcase> <!-- consumer_complaint -->
  <testcase classname="CRM.Consumer_complaint" name="consumer_complaint" time="0.001">
    <skipped/>
  </testcase> <!-- consumer_complaint -->
  <testcase classname="CRM.Consumer_complaint" name="consumer_complaint" time="0.0">
    <skipped/>
  </testcase> <!-- consumer_complaint -->
  <testcase classname="CRM.Consumer_complaint" name="consumer_complaint" time="0.0">
    <skipped/>
  </testcase> <!-- consumer_complaint -->
  <testcase classname="CRM.Consumer_complaint" name="consumer_complaint" time="0.0">
    <skipped/>
  </testcase> <!-- consumer_complaint -->
  <testcase classname="CRM.Consumer_complaint" name="consumer_complaint" time="0.0">
    <skipped/>
  </testcase> <!-- consumer_complaint -->
  <testcase classname="CRM.Consumer_complaint" name="consumer_complaint" time="0.0">
    <skipped/>
  </testcase> <!-- consumer_complaint -->
  <testcase classname="CRM.Consumer_complaint" name="consumer_complaint" time="0.0">
    <skipped/>
  </testcase> <!-- consumer_complaint -->
  <testcase classname="CRM.Consumer_complaint" name="consumer_complaint" time="0.0">
    <skipped/>
  </testcase> <!-- consumer_complaint -->
  <testcase classname="CRM.Consumer_complaint" name="consumer_complaint" time="0.0">
    <skipped/>
  </testcase> <!-- consumer_complaint -->
  <testcase classname="CRM.Consumer_complaint" name="consumer_complaint" time="0.0">
    <skipped/>
  </testcase> <!-- consumer_complaint -->
  <testcase classname="CRM.Consumer_complaint" name="consumer_complaint" time="0.001">
    <skipped/>
  </testcase> <!-- consumer_complaint -->
  <testcase classname="CRM.Consumer_complaint" name="consumer_complaint" time="0.0">
    <skipped/>
  </testcase> <!-- consumer_complaint -->
  <testcase classname="CRM.Consumer_complaint" name="consumer_complaint" time="0.0">
    <skipped/>
  </testcase> <!-- consumer_complaint -->
  <testcase classname="CRM.Consumer_complaint" name="consumer_complaint" time="0.0">
    <skipped/>
  </testcase> <!-- consumer_complaint -->
  <testcase classname="CRM.Consumer_complaint" name="consumer_complaint" time="0.0">
    <skipped/>
  </testcase> <!-- consumer_complaint -->
  <testcase classname="CRM.Consumer_complaint" name="consumer_complaint" time="0.0">
    <skipped/>
  </testcase> <!-- consumer_complaint -->
  <testcase classname="CRM.Consumer_complaint" name="consumer_complaint" time="0.0">
    <skipped/>
  </testcase> <!-- consumer_complaint -->
  <testcase classname="CRM.Consumer_complaint" name="consumer_complaint" time="0.001">
    <skipped/>
  </testcase> <!-- consumer_complaint -->
  <testcase classname="CRM.Consumer_complaint" name="consumer_complaint" time="0.0">
    <skipped/>
  </testcase> <!-- consumer_complaint -->
  <testcase classname="CRM.Consumer_complaint" name="consumer_complaint" time="0.0">
    <skipped/>
  </testcase> <!-- consumer_complaint -->
  <testcase classname="CRM.Consumer_complaint" name="consumer_complaint" time="0.0">
    <skipped/>
  </testcase> <!-- consumer_complaint -->
  <testcase classname="CRM.Consumer_complaint" name="consumer_complaint" time="0.0">
    <skipped/>
  </testcase> <!-- consumer_complaint -->
  <testcase classname="CRM.Consumer_complaint" name="consumer_complaint" time="0.0">
    <skipped/>
  </testcase> <!-- consumer_complaint -->
  <testcase classname="CRM.Consumer_complaint" name="consumer_complaint" time="0.0">
    <skipped/>
  </testcase> <!-- consumer_complaint -->
  <testcase classname="CRM.Consumer_complaint" name="consumer_complaint" time="0.0">
    <skipped/>
  </testcase> <!-- consumer_complaint -->
  <testcase classname="CRM.Consumer_complaint" name="consumer_complaint" time="0.0">
    <skipped/>
  </testcase> <!-- consumer_complaint -->
  <testcase classname="CRM.Consumer_complaint" name="consumer_complaint" time="0.0">
    <skipped/>
  </testcase> <!-- consumer_complaint -->
  <testcase classname="CRM.Consumer_complaint" name="consumer_complaint" time="0.0">
    <skipped/>
  </testcase> <!-- consumer_complaint -->
  <testcase classname="CRM.Consumer_complaint" name="consumer_complaint" time="0.0">
    <skipped/>
  </testcase> <!-- consumer_complaint -->
  <testcase classname="CRM.Consumer_complaint" name="consumer_complaint" time="0.0">
    <skipped/>
  </testcase> <!-- consumer_complaint -->
  <testcase classname="CRM.Consumer_complaint" name="consumer_complaint" time="0.0">
    <skipped/>
  </testcase> <!-- consumer_complaint -->
  <testcase classname="CRM.Consumer_complaint" name="consumer_complaint" time="0.0">
    <skipped/>
  </testcase> <!-- consumer_complaint -->
  <testcase classname="CRM.Consumer_complaint" name="consumer_complaint" time="0.0">
    <skipped/>
  </testcase> <!-- consumer_complaint -->
  <testcase classname="CRM.Consumer_complaint" name="consumer_complaint" time="0.0">
    <skipped/>
  </testcase> <!-- consumer_complaint -->
  <testcase classname="CRM.Consumer_complaint" name="consumer_complaint" time="0.0">
    <skipped/>
  </testcase> <!-- consumer_complaint -->
  <testcase classname="CRM.Consumer_complaint" name="consumer_complaint" time="0.0">
    <skipped/>
  </testcase> <!-- consumer_complaint -->
  <testcase classname="CRM.Consumer_complaint" name="consumer_complaint" time="0.0">
    <skipped/>
  </testcase> <!-- consumer_complaint -->
  <testcase classname="CRM.Consumer_complaint" name="consumer_complaint" time="0.0">
    <skipped/>
  </testcase> <!-- consumer_complaint -->
  <testcase classname="CRM.Consumer_complaint" name="consumer_complaint" time="0.0">
    <skipped/>
  </testcase> <!-- consumer_complaint -->
  <testcase classname="CRM.Consumer_complaint" name="consumer_complaint" time="0.0">
    <skipped/>
  </testcase> <!-- consumer_complaint -->
  <testcase classname="CRM.Consumer_complaint" name="consumer_complaint" time="0.0">
    <skipped/>
  </testcase> <!-- consumer_complaint -->
  <testcase classname="CRM.Consumer_complaint" name="consumer_complaint" time="0.0">
    <skipped/>
  </testcase> <!-- consumer_complaint -->
  <testcase classname="CRM.Consumer_complaint" name="consumer_complaint" time="0.0">
    <skipped/>
  </testcase> <!-- consumer_complaint -->
  <testcase classname="CRM.Consumer_complaint" name="consumer_complaint" time="0.0">
    <skipped/>
  </testcase> <!-- consumer_complaint -->
  <testcase classname="CRM.Consumer_complaint" name="consumer_complaint" time="0.001">
    <skipped/>
  </testcase> <!-- consumer_complaint -->
  <testcase classname="CRM.Consumer_complaint" name="consumer_complaint" time="0.0">
    <skipped/>
  </testcase> <!-- consumer_complaint -->
  <testcase classname="CRM.Consumer_complaint" name="consumer_complaint" time="0.0">
    <skipped/>
  </testcase> <!-- consumer_complaint -->
  <testcase classname="CRM.Consumer_complaint" name="consumer_complaint" time="0.0">
    <skipped/>
  </testcase> <!-- consumer_complaint -->
  <testcase classname="CRM.Consumer_complaint" name="consumer_complaint" time="0.0">
    <skipped/>
  </testcase> <!-- consumer_complaint -->
  <testcase classname="CRM.Consumer_complaint" name="consumer_complaint" time="0.0">
    <skipped/>
  </testcase> <!-- consumer_complaint -->
  <testcase classname="CRM.Consumer_complaint" name="consumer_complaint" time="0.0">
    <skipped/>
  </testcase> <!-- consumer_complaint -->
  <testcase classname="CRM.Consumer_complaint" name="consumer_complaint" time="0.0">
    <skipped/>
  </testcase> <!-- consumer_complaint -->
  <testcase classname="CRM.Consumer_complaint" name="consumer_complaint" time="0.0">
    <skipped/>
  </testcase> <!-- consumer_complaint -->
  <testcase classname="CRM.Consumer_complaint" name="consumer_complaint" time="0.0">
    <skipped/>
  </testcase> <!-- consumer_complaint -->
  <testcase classname="CRM.Consumer_complaint" name="consumer_complaint" time="0.0">
    <skipped/>
  </testcase> <!-- consumer_complaint -->
  <testcase classname="CRM.Consumer_complaint" name="consumer_complaint" time="0.0">
    <skipped/>
  </testcase> <!-- consumer_complaint -->
  <testcase classname="CRM.Consumer_complaint" name="consumer_complaint" time="0.0">
    <skipped/>
  </testcase> <!-- consumer_complaint -->
  <testcase classname="CRM.Consumer_complaint" name="consumer_complaint" time="0.0">
    <skipped/>
  </testcase> <!-- consumer_complaint -->
  <testcase classname="CRM.Consumer_complaint" name="consumer_complaint" time="0.0">
    <skipped/>
  </testcase> <!-- consumer_complaint -->
  <testcase classname="CRM.Consumer_complaint" name="consumer_complaint" time="0.0">
    <skipped/>
  </testcase> <!-- consumer_complaint -->
  <testcase classname="CRM.Consumer_complaint" name="consumer_complaint" time="0.0">
    <skipped/>
  </testcase> <!-- consumer_complaint -->
  <testcase classname="CRM.Consumer_complaint" name="consumer_complaint" time="0.0">
    <skipped/>
  </testcase> <!-- consumer_complaint -->
  <testcase classname="CRM.Consumer_complaint" name="consumer_complaint" time="0.0">
    <skipped/>
  </testcase> <!-- consumer_complaint -->
  <testcase classname="CRM.Consumer_complaint" name="consumer_complaint" time="0.0">
    <skipped/>
  </testcase> <!-- consumer_complaint -->
  <testcase classname="CRM.Consumer_complaint" name="consumer_complaint" time="0.0">
    <skipped/>
  </testcase> <!-- consumer_complaint -->
  <testcase classname="CRM.Consumer_complaint" name="consumer_complaint" time="0.0">
    <skipped/>
  </testcase> <!-- consumer_complaint -->
  <testcase classname="CRM.Consumer_complaint" name="consumer_complaint" time="0.0">
    <skipped/>
  </testcase> <!-- consumer_complaint -->
  <testcase classname="CRM.Consumer_complaint" name="consumer_complaint" time="0.0">
    <skipped/>
  </testcase> <!-- consumer_complaint -->
  <testcase classname="CRM.Consumer_complaint" name="consumer_complaint" time="0.0">
    <skipped/>
  </testcase> <!-- consumer_complaint -->
  <testcase classname="CRM.Consumer_complaint" name="consumer_complaint" time="0.0">
    <skipped/>
  </testcase> <!-- consumer_complaint -->
  <testcase classname="CRM.Consumer_complaint" name="consumer_complaint" time="0.0">
    <skipped/>
  </testcase> <!-- consumer_complaint -->
  <testcase classname="CRM.Consumer_complaint" name="consumer_complaint" time="0.0">
    <skipped/>
  </testcase> <!-- consumer_complaint -->
  <testcase classname="CRM.Consumer_complaint" name="consumer_complaint" time="0.0">
    <skipped/>
  </testcase> <!-- consumer_complaint -->
  <testcase classname="CRM.Consumer_complaint" name="consumer_complaint" time="0.0">
    <skipped/>
  </testcase> <!-- consumer_complaint -->
  <testcase classname="CRM.Consumer_complaint" name="consumer_complaint" time="0.0">
    <skipped/>
  </testcase> <!-- consumer_complaint -->
  <testcase classname="CRM.Consumer_complaint" name="consumer_complaint" time="0.0">
    <skipped/>
  </testcase> <!-- consumer_complaint -->
  <testcase classname="CRM.Consumer_complaint" name="consumer_complaint" time="0.0">
    <skipped/>
  </testcase> <!-- consumer_complaint -->
  <testcase classname="CRM.Consumer_complaint" name="consumer_complaint" time="0.0">
    <skipped/>
  </testcase> <!-- consumer_complaint -->
  <testcase classname="CRM.Consumer_complaint" name="consumer_complaint" time="0.0">
    <skipped/>
  </testcase> <!-- consumer_complaint -->
  <testcase classname="CRM.Consumer_complaint" name="consumer_complaint" time="0.0">
    <skipped/>
  </testcase> <!-- consumer_complaint -->
  <testcase classname="CRM.Consumer_complaint" name="consumer_complaint" time="0.0">
    <skipped/>
  </testcase> <!-- consumer_complaint -->
  <testcase classname="CRM.Consumer_complaint" name="consumer_complaint" time="0.0">
    <skipped/>
  </testcase> <!-- consumer_complaint -->
  <testcase classname="CRM.Consumer_complaint" name="consumer_complaint" time="0.0">
    <skipped/>
  </testcase> <!-- consumer_complaint -->
  <testcase classname="CRM.Consumer_complaint" name="consumer_complaint" time="0.0">
    <skipped/>
  </testcase> <!-- consumer_complaint -->
  <testcase classname="CRM.Consumer_complaint" name="consumer_complaint" time="0.0">
    <skipped/>
  </testcase> <!-- consumer_complaint -->
  <testcase classname="CRM.Consumer_complaint" name="consumer_complaint" time="0.0">
    <skipped/>
  </testcase> <!-- consumer_complaint -->
  <testcase classname="CRM.Consumer_complaint" name="consumer_complaint" time="0.0">
    <skipped/>
  </testcase> <!-- consumer_complaint -->
  <testcase classname="CRM.Consumer_complaint" name="consumer_complaint" time="0.0">
    <skipped/>
  </testcase> <!-- consumer_complaint -->
  <testcase classname="CRM.Consumer_complaint" name="consumer_complaint" time="0.0">
    <skipped/>
  </testcase> <!-- consumer_complaint -->
  <testcase classname="CRM.Consumer_complaint" name="consumer_complaint" time="0.0">
    <skipped/>
  </testcase> <!-- consumer_complaint -->
  <testcase classname="CRM.Consumer_complaint" name="consumer_complaint" time="0.0">
    <skipped/>
  </testcase> <!-- consumer_complaint -->
  <testcase classname="CRM.Consumer_complaint" name="consumer_complaint" time="0.0">
    <skipped/>
  </testcase> <!-- consumer_complaint -->
  <testcase classname="CRM.Consumer_complaint" name="consumer_complaint" time="0.0">
    <skipped/>
  </testcase> <!-- consumer_complaint -->
  <testcase classname="CRM.Consumer_complaint" name="consumer_complaint" time="0.0">
    <skipped/>
  </testcase> <!-- consumer_complaint -->
  <testcase classname="CRM.Consumer_complaint" name="consumer_complaint" time="0.0">
    <skipped/>
  </testcase> <!-- consumer_complaint -->
  <testcase classname="CRM.Consumer_complaint" name="consumer_complaint" time="0.0">
    <skipped/>
  </testcase> <!-- consumer_complaint -->
  <testcase classname="CRM.Consumer_complaint" name="consumer_complaint" time="0.0">
    <skipped/>
  </testcase> <!-- consumer_complaint -->
  <testcase classname="CRM.Consumer_complaint" name="consumer_complaint" time="0.0">
    <skipped/>
  </testcase> <!-- consumer_complaint -->
  <testcase classname="CRM.Consumer_complaint" name="consumer_complaint" time="0.0">
    <skipped/>
  </testcase> <!-- consumer_complaint -->
  <testcase classname="CRM.Consumer_complaint" name="consumer_complaint" time="0.0">
    <skipped/>
  </testcase> <!-- consumer_complaint -->
  <testcase classname="CRM.Consumer_complaint" name="consumer_complaint" time="0.0">
    <skipped/>
  </testcase> <!-- consumer_complaint -->
  <testcase classname="CRM.Consumer_complaint" name="consumer_complaint" time="0.0">
    <skipped/>
  </testcase> <!-- consumer_complaint -->
  <testcase classname="new_user_registration.New_User_Reg" name="new_user_creation" time="0.0">
    <skipped/>
  </testcase> <!-- new_user_creation -->
  <testcase classname="new_user_registration.New_User_Reg" name="new_user_creation" time="0.0">
    <skipped/>
  </testcase> <!-- new_user_creation -->
  <testcase classname="new_user_registration.New_User_Reg" name="new_user_creation" time="0.001">
    <skipped/>
  </testcase> <!-- new_user_creation -->
  <testcase classname="new_user_registration.New_User_Reg" name="new_user_creation" time="0.002">
    <skipped/>
  </testcase> <!-- new_user_creation -->
  <testcase classname="new_user_registration.New_User_Reg" name="new_user_creation" time="0.001">
    <skipped/>
  </testcase> <!-- new_user_creation -->
  <testcase classname="new_user_registration.New_User_Reg" name="new_user_creation" time="0.0">
    <skipped/>
  </testcase> <!-- new_user_creation -->
  <testcase classname="new_user_registration.New_User_Reg" name="new_user_creation" time="0.001">
    <skipped/>
  </testcase> <!-- new_user_creation -->
  <testcase classname="new_user_registration.New_User_Reg" name="new_user_creation" time="0.0">
    <skipped/>
  </testcase> <!-- new_user_creation -->
  <testcase classname="new_user_registration.New_User_Reg" name="new_user_creation" time="0.0">
    <skipped/>
  </testcase> <!-- new_user_creation -->
  <testcase classname="new_user_registration.New_User_Reg" name="new_user_creation" time="0.0">
    <skipped/>
  </testcase> <!-- new_user_creation -->
  <testcase classname="new_user_registration.New_User_Reg" name="new_user_creation" time="0.0">
    <skipped/>
  </testcase> <!-- new_user_creation -->
  <testcase classname="new_user_registration.New_User_Reg" name="new_user_creation" time="0.0">
    <skipped/>
  </testcase> <!-- new_user_creation -->
  <testcase classname="new_user_registration.New_User_Reg" name="new_user_creation" time="0.0">
    <skipped/>
  </testcase> <!-- new_user_creation -->
  <testcase classname="new_user_registration.New_User_Reg" name="new_user_creation" time="0.0">
    <skipped/>
  </testcase> <!-- new_user_creation -->
  <testcase classname="new_user_registration.New_User_Reg" name="new_user_creation" time="0.0">
    <skipped/>
  </testcase> <!-- new_user_creation -->
  <testcase classname="new_user_registration.New_User_Reg" name="new_user_creation" time="0.0">
    <skipped/>
  </testcase> <!-- new_user_creation -->
  <testcase classname="new_user_registration.New_User_Reg" name="new_user_creation" time="0.0">
    <skipped/>
  </testcase> <!-- new_user_creation -->
  <testcase classname="new_user_registration.New_User_Reg" name="new_user_creation" time="0.0">
    <skipped/>
  </testcase> <!-- new_user_creation -->
  <testcase classname="new_user_registration.New_User_Reg" name="new_user_creation" time="0.0">
    <skipped/>
  </testcase> <!-- new_user_creation -->
  <testcase classname="new_user_registration.New_User_Reg" name="new_user_creation" time="0.0">
    <skipped/>
  </testcase> <!-- new_user_creation -->
  <testcase classname="new_user_registration.New_User_Reg" name="new_user_creation" time="0.0">
    <skipped/>
  </testcase> <!-- new_user_creation -->
  <testcase classname="new_user_registration.New_User_Reg" name="new_user_creation" time="0.0">
    <skipped/>
  </testcase> <!-- new_user_creation -->
  <testcase classname="new_user_registration.New_User_Reg" name="new_user_creation" time="0.0">
    <skipped/>
  </testcase> <!-- new_user_creation -->
  <testcase classname="new_user_registration.New_User_Reg" name="new_user_creation" time="0.0">
    <skipped/>
  </testcase> <!-- new_user_creation -->
  <testcase classname="new_user_registration.New_User_Reg" name="new_user_creation" time="0.0">
    <skipped/>
  </testcase> <!-- new_user_creation -->
  <testcase classname="new_user_registration.New_User_Reg" name="new_user_creation" time="0.0">
    <skipped/>
  </testcase> <!-- new_user_creation -->
  <testcase classname="new_user_registration.New_User_Reg" name="new_user_creation" time="0.0">
    <skipped/>
  </testcase> <!-- new_user_creation -->
  <testcase classname="new_user_registration.New_User_Reg" name="new_user_creation" time="0.0">
    <skipped/>
  </testcase> <!-- new_user_creation -->
  <testcase classname="new_user_registration.New_User_Reg" name="new_user_creation" time="0.0">
    <skipped/>
  </testcase> <!-- new_user_creation -->
  <testcase classname="new_user_registration.New_User_Reg" name="new_user_creation" time="0.001">
    <skipped/>
  </testcase> <!-- new_user_creation -->
  <testcase classname="new_user_registration.New_User_Reg" name="new_user_creation" time="0.0">
    <skipped/>
  </testcase> <!-- new_user_creation -->
  <testcase classname="new_user_registration.New_User_Reg" name="new_user_creation" time="0.0">
    <skipped/>
  </testcase> <!-- new_user_creation -->
  <testcase classname="new_user_registration.New_User_Reg" name="new_user_creation" time="0.0">
    <skipped/>
  </testcase> <!-- new_user_creation -->
  <testcase classname="new_user_registration.New_User_Reg" name="new_user_creation" time="0.0">
    <skipped/>
  </testcase> <!-- new_user_creation -->
  <testcase classname="new_user_registration.New_User_Reg" name="new_user_creation" time="0.0">
    <skipped/>
  </testcase> <!-- new_user_creation -->
  <testcase classname="new_user_registration.New_User_Reg" name="new_user_creation" time="0.0">
    <skipped/>
  </testcase> <!-- new_user_creation -->
  <testcase classname="new_user_registration.New_User_Reg" name="new_user_creation" time="0.0">
    <skipped/>
  </testcase> <!-- new_user_creation -->
  <testcase classname="new_user_registration.New_User_Reg" name="new_user_creation" time="0.0">
    <skipped/>
  </testcase> <!-- new_user_creation -->
  <testcase classname="new_user_registration.New_User_Reg" name="new_user_creation" time="0.0">
    <skipped/>
  </testcase> <!-- new_user_creation -->
  <testcase classname="new_user_registration.New_User_Reg" name="new_user_creation" time="0.0">
    <skipped/>
  </testcase> <!-- new_user_creation -->
  <testcase classname="new_user_registration.New_User_Reg" name="new_user_creation" time="0.0">
    <skipped/>
  </testcase> <!-- new_user_creation -->
  <testcase classname="new_user_registration.New_User_Reg" name="new_user_creation" time="0.0">
    <skipped/>
  </testcase> <!-- new_user_creation -->
  <testcase classname="new_user_registration.New_User_Reg" name="new_user_creation" time="0.0">
    <skipped/>
  </testcase> <!-- new_user_creation -->
  <testcase classname="new_user_registration.New_User_Reg" name="new_user_creation" time="0.0">
    <skipped/>
  </testcase> <!-- new_user_creation -->
  <testcase classname="new_user_registration.New_User_Reg" name="new_user_creation" time="0.0">
    <skipped/>
  </testcase> <!-- new_user_creation -->
  <testcase classname="new_user_registration.New_User_Reg" name="new_user_creation" time="0.0">
    <skipped/>
  </testcase> <!-- new_user_creation -->
  <testcase classname="new_user_registration.New_User_Reg" name="new_user_creation" time="0.0">
    <skipped/>
  </testcase> <!-- new_user_creation -->
  <testcase classname="new_user_registration.New_User_Reg" name="new_user_creation" time="0.0">
    <skipped/>
  </testcase> <!-- new_user_creation -->
  <testcase classname="new_user_registration.New_User_Reg" name="new_user_creation" time="0.0">
    <skipped/>
  </testcase> <!-- new_user_creation -->
  <testcase classname="new_user_registration.New_User_Reg" name="new_user_creation" time="0.001">
    <skipped/>
  </testcase> <!-- new_user_creation -->
  <testcase classname="new_user_registration.New_User_Reg" name="new_user_creation" time="0.0">
    <skipped/>
  </testcase> <!-- new_user_creation -->
  <testcase classname="new_user_registration.New_User_Reg" name="new_user_creation" time="0.0">
    <skipped/>
  </testcase> <!-- new_user_creation -->
  <testcase classname="new_user_registration.New_User_Reg" name="new_user_creation" time="0.0">
    <skipped/>
  </testcase> <!-- new_user_creation -->
  <testcase classname="new_user_registration.New_User_Reg" name="new_user_creation" time="0.0">
    <skipped/>
  </testcase> <!-- new_user_creation -->
  <testcase classname="new_user_registration.New_User_Reg" name="new_user_creation" time="0.0">
    <skipped/>
  </testcase> <!-- new_user_creation -->
  <testcase classname="new_user_registration.New_User_Reg" name="new_user_creation" time="0.0">
    <skipped/>
  </testcase> <!-- new_user_creation -->
  <testcase classname="new_user_registration.New_User_Reg" name="new_user_creation" time="0.0">
    <skipped/>
  </testcase> <!-- new_user_creation -->
  <testcase classname="new_user_registration.New_User_Reg" name="new_user_creation" time="0.0">
    <skipped/>
  </testcase> <!-- new_user_creation -->
  <testcase classname="new_user_registration.New_User_Reg" name="new_user_creation" time="0.0">
    <skipped/>
  </testcase> <!-- new_user_creation -->
  <testcase classname="new_user_registration.New_User_Reg" name="new_user_creation" time="0.0">
    <skipped/>
  </testcase> <!-- new_user_creation -->
</testsuite> <!-- Default test -->
